<?xml version="1.0" encoding="UTF-8"?>
<testsuite xmlns:xsi="http://www.w3.org/2001/XMLSchema-instance" xsi:noNamespaceSchemaLocation="https://maven.apache.org/surefire/maven-surefire-plugin/xsd/surefire-test-report-3.0.xsd" version="3.0" name="xyz.zalaya.domain.model.ColumnTypeTest" time="0.061" tests="8" errors="0" skipped="0" failures="0">
  <properties>
    <property name="java.specification.version" value="21"/>
    <property name="sun.cpu.isalist" value="amd64"/>
    <property name="sun.jnu.encoding" value="Cp1252"/>
    <property name="java.class.path" value="C:\Users\enolc\Documents\Workspace\sqler-backend\sqler-domain\target\test-classes;C:\Users\enolc\Documents\Workspace\sqler-backend\sqler-domain\target\classes;C:\Users\enolc\.m2\repository\org\projectlombok\lombok\1.18.34\lombok-1.18.34.jar;C:\Users\enolc\.m2\repository\org\junit\jupiter\junit-jupiter-api\5.11.0\junit-jupiter-api-5.11.0.jar;C:\Users\enolc\.m2\repository\org\opentest4j\opentest4j\1.3.0\opentest4j-1.3.0.jar;C:\Users\enolc\.m2\repository\org\junit\platform\junit-platform-commons\1.11.0\junit-platform-commons-1.11.0.jar;C:\Users\enolc\.m2\repository\org\apiguardian\apiguardian-api\1.1.2\apiguardian-api-1.1.2.jar;C:\Users\enolc\.m2\repository\org\junit\jupiter\junit-jupiter-engine\5.11.0\junit-jupiter-engine-5.11.0.jar;C:\Users\enolc\.m2\repository\org\junit\platform\junit-platform-engine\1.11.0\junit-platform-engine-1.11.0.jar;"/>
    <property name="java.vm.vendor" value="Oracle Corporation"/>
    <property name="sun.arch.data.model" value="64"/>
    <property name="user.variant" value=""/>
    <property name="java.vendor.url" value="https://java.oracle.com/"/>
    <property name="user.timezone" value="Europe/Madrid"/>
    <property name="os.name" value="Windows 11"/>
    <property name="java.vm.specification.version" value="21"/>
    <property name="sun.java.launcher" value="SUN_STANDARD"/>
    <property name="user.country" value="ES"/>
    <property name="sun.boot.library.path" value="C:\Users\enolc\.sdkman\candidates\java\current\bin"/>
    <property name="sun.java.command" value="C:\Users\enolc\AppData\Local\Temp\surefire7795048708080434923\surefirebooter-20240830182831261_3.jar C:\Users\enolc\AppData\Local\Temp\surefire7795048708080434923 2024-08-30T18-28-31_059-jvmRun1 surefire-20240830182831261_1tmp surefire_0-20240830182831261_2tmp"/>
    <property name="jdk.debug" value="release"/>
    <property name="surefire.test.class.path" value="C:\Users\enolc\Documents\Workspace\sqler-backend\sqler-domain\target\test-classes;C:\Users\enolc\Documents\Workspace\sqler-backend\sqler-domain\target\classes;C:\Users\enolc\.m2\repository\org\projectlombok\lombok\1.18.34\lombok-1.18.34.jar;C:\Users\enolc\.m2\repository\org\junit\jupiter\junit-jupiter-api\5.11.0\junit-jupiter-api-5.11.0.jar;C:\Users\enolc\.m2\repository\org\opentest4j\opentest4j\1.3.0\opentest4j-1.3.0.jar;C:\Users\enolc\.m2\repository\org\junit\platform\junit-platform-commons\1.11.0\junit-platform-commons-1.11.0.jar;C:\Users\enolc\.m2\repository\org\apiguardian\apiguardian-api\1.1.2\apiguardian-api-1.1.2.jar;C:\Users\enolc\.m2\repository\org\junit\jupiter\junit-jupiter-engine\5.11.0\junit-jupiter-engine-5.11.0.jar;C:\Users\enolc\.m2\repository\org\junit\platform\junit-platform-engine\1.11.0\junit-platform-engine-1.11.0.jar;"/>
    <property name="sun.cpu.endian" value="little"/>
    <property name="user.home" value="C:\Users\enolc"/>
    <property name="user.language" value="es"/>
    <property name="java.specification.vendor" value="Oracle Corporation"/>
    <property name="java.version.date" value="2024-07-16"/>
    <property name="java.home" value="C:\Users\enolc\.sdkman\candidates\java\current"/>
    <property name="file.separator" value="\"/>
    <property name="basedir" value="C:\Users\enolc\Documents\Workspace\sqler-backend\sqler-domain"/>
    <property name="java.vm.compressedOopsMode" value="Zero based"/>
    <property name="line.separator" value="&#10;"/>
    <property name="java.vm.specification.vendor" value="Oracle Corporation"/>
    <property name="java.specification.name" value="Java Platform API Specification"/>
    <property name="surefire.real.class.path" value="C:\Users\enolc\AppData\Local\Temp\surefire7795048708080434923\surefirebooter-20240830182831261_3.jar"/>
    <property name="user.script" value=""/>
    <property name="sun.management.compiler" value="HotSpot 64-Bit Tiered Compilers"/>
    <property name="java.runtime.version" value="21.0.4+8-LTS-274"/>
    <property name="user.name" value="enolc"/>
    <property name="stdout.encoding" value="Cp1252"/>
    <property name="path.separator" value=";"/>
    <property name="os.version" value="10.0"/>
    <property name="java.runtime.name" value="Java(TM) SE Runtime Environment"/>
    <property name="file.encoding" value="UTF-8"/>
    <property name="java.vm.name" value="Java HotSpot(TM) 64-Bit Server VM"/>
    <property name="localRepository" value="C:\Users\enolc\.m2\repository"/>
    <property name="java.vendor.url.bug" value="https://bugreport.java.com/bugreport/"/>
    <property name="java.io.tmpdir" value="C:\Users\enolc\AppData\Local\Temp\"/>
    <property name="java.version" value="21.0.4"/>
    <property name="user.dir" value="C:\Users\enolc\Documents\Workspace\sqler-backend\sqler-domain"/>
    <property name="os.arch" value="amd64"/>
    <property name="java.vm.specification.name" value="Java Virtual Machine Specification"/>
    <property name="sun.os.patch.level" value=""/>
    <property name="native.encoding" value="Cp1252"/>
    <property name="java.library.path" value="C:\Users\enolc\.sdkman\candidates\java\current\bin;C:\Windows\Sun\Java\bin;C:\Windows\system32;C:\Windows;C:\Users\enolc\.sdkman\candidates\maven\current\bin;C:\Users\enolc\.sdkman\candidates\java\current\bin;C:\Users\enolc\.sdkman\candidates\gradle\current\bin;C:\Program Files\Git\mingw64\bin;C:\Program Files\Git\usr\bin;C:\Users\enolc\bin;C:\Program Files (x86)\VMware\VMware Workstation\bin;C:\Windows\system32;C:\Windows;C:\Windows\System32\Wbem;C:\Windows\System32\WindowsPowerShell\v1.0;C:\Windows\System32\OpenSSH;C:\Program Files\Git\cmd;C:\Program Files\Docker\Docker\resources\bin;%NVM_HOME%;%NVM_SYMLINK%;C:\Program Files\GitHub CLI;C:\Program Files\PowerShell\7;C:\Users\enolc\AppData\Local\Microsoft\WindowsApps;C:\Users\enolc\AppData\Local\Programs\Microsoft VS Code\bin;C:\Users\enolc\AppData\Local\spicetify;C:\Program Files\JetBrains\IntelliJ IDEA 2023.3.7\bin;C:\Users\enolc\AppData\Local\GitHubDesktop\bin;C:\Users\enolc\AppData\Roaming\nvm;C:\Program Files\nodejs;."/>
    <property name="java.vm.info" value="mixed mode, sharing"/>
    <property name="stderr.encoding" value="Cp1252"/>
    <property name="java.vendor" value="Oracle Corporation"/>
    <property name="java.vm.version" value="21.0.4+8-LTS-274"/>
    <property name="sun.io.unicode.encoding" value="UnicodeLittle"/>
    <property name="java.class.version" value="65.0"/>
  </properties>
  <testcase name="shouldReturnVarcharWhenAllEntriesAreVarcharWithSameLength" classname="xyz.zalaya.domain.model.ColumnTypeTest" time="0.026"/>
  <testcase name="shouldReturnIntegerWhenAllEntriesAreInteger" classname="xyz.zalaya.domain.model.ColumnTypeTest" time="0.001"/>
  <testcase name="shouldReturnDecimalWhenAllEntriesAreDecimalWithSamePrecisionAndScale" classname="xyz.zalaya.domain.model.ColumnTypeTest" time="0.004"/>
  <testcase name="shouldReturnVarcharWhenAllEntriesAreVarcharWithDifferentLength" classname="xyz.zalaya.domain.model.ColumnTypeTest" time="0.002"/>
  <testcase name="shouldReturnBooleanWhenAllEntriesAreBoolean" classname="xyz.zalaya.domain.model.ColumnTypeTest" time="0.001"/>
  <testcase name="shouldReturnTextWhenAnyEntryIsText" classname="xyz.zalaya.domain.model.ColumnTypeTest" time="0.002"/>
  <testcase name="shouldReturnDecimalWhenAllEntriesAreDecimalWithDifferentPrecisionAndScale" classname="xyz.zalaya.domain.model.ColumnTypeTest" time="0.001"/>
  <testcase name="shouldReturnDateWhenAllEntriesAreDate" classname="xyz.zalaya.domain.model.ColumnTypeTest" time="0.001"/>
</testsuite>